{
  "clean_indoor_unit_filters": {
    "active": true,
    "completed": false,
    "confidence": 0.85,
    "notes": "Hand is visible near filter area, indicating cleaning in progress"
  },
  "inspect_evaporator_coil": {
    "active": false,
    "completed": false,
    "confidence": 0.15,
    "notes": "No evaporator coil visible in current view"
  },
  "check_air_flow": {
    "active": true,
    "completed": true,
    "confidence": 0.90,
    "notes": "Hand placed in front of split-type AC unit, clearly checking airflow"
  },
  "inspect_refrigerant_lines": {
    "active": false,
    "completed": false,
    "confidence": 0.10,
    "notes": "Refrigerant lines not visible in current view"
  },
  "clean_outdoor_condenser_fins": {
    "active": false,
    "completed": false,
    "confidence": 0.10,
    "notes": "Outdoor condenser fins not visible in current view"
  },
  "tighten_electrical_terminals": {
    "active": false,
    "completed": false,
    "confidence": 0.10,
    "notes": "No opened electrical terminal panel visible"
  },
  "check_thermostat_calibration": {
    "active": false,
    "completed": false,
    "confidence": 0.10,
    "notes": "Thermostat not visible in current view"
  }
}
INPUT: 1623
OUTPUT: 344
Response time: 9.279 seconds