```json
{
  "clean_indoor_unit_filters": {
    "active": false,
    "completed": false,
    "confidence": 0.3,
    "notes": "Could be related, but filters are not visibly being cleaned."
  },
  "inspect_evaporator_coil": {
    "active": false,
    "completed": false,
    "confidence": 0.2,
    "notes": "Indoor unit visible but no inspection focused on the coil specifically."
  },
  "check_air_flow": {
    "active": true,
    "completed": false,
    "confidence": 0.85,
    "notes": "Hand is positioned in front of the air outlet, indicating air flow check."
  },
  "inspect_refrigerant_lines": {
    "active": false,
    "completed": false,
    "confidence": 0.1,
    "notes": "Refrigerant lines are not clearly visible."
  },
  "clean_outdoor_condenser_fins": {
    "active": false,
    "completed": false,
    "confidence": 0.1,
    "notes": "Outdoor unit is not visible."
  },
  "tighten_electrical_terminals": {
    "active": false,
    "completed": false,
    "confidence": 0.1,
    "notes": "No electrical panel or terminals are visible."
  },
  "check_thermostat_calibration": {
    "active": false,
    "completed": false,
    "confidence": 0.1,
    "notes": "Thermostat is not visible."
  }
}
```
INPUT: 987
OUTPUT: 391
Response time: 10.699 seconds