```json
{
  "clean_indoor_unit_filters": {
    "active": true,
    "completed": false,
    "confidence": 0.85,
    "notes": "Hand is positioned to interact with the indoor unit filters, but the action of cleaning is not visible."
  },
  "inspect_evaporator_coil": {
    "active": false,
    "completed": false,
    "confidence": 0.2,
    "notes": "Evaporator coil is not visible in this frame."
  },
  "check_air_flow": {
    "active": false,
    "completed": false,
    "confidence": 0.1,
    "notes": "Air flow check action is not visible."
  },
  "inspect_refrigerant_lines": {
    "active": false,
    "completed": false,
    "confidence": 0.2,
    "notes": "Refrigerant lines are not visible in this frame."
  },
  "clean_outdoor_condenser_fins": {
    "active": false,
    "completed": false,
    "confidence": 0.1,
    "notes": "Outdoor condenser fins are not visible in this frame."
  },
  "tighten_electrical_terminals": {
    "active": false,
    "completed": false,
    "confidence": 0.2,
    "notes": "Electrical terminal panel is not visible in this frame."
  },
  "check_thermostat_calibration": {
    "active": false,
    "completed": false,
    "confidence": 0.2,
    "notes": "Thermostat is not visible in this frame."
  }
}
```
INPUT: 994
OUTPUT: 402
Response time: 13.784 seconds