```json
{
    "clean_indoor_unit_filters": {
        "active": false,
        "completed": false,
        "confidence": 0.1,
        "notes": "No filter removal is visible, only a hand near the unit's outlet."
    },
    "inspect_evaporator_coil": {
        "active": false,
        "completed": false,
        "confidence": 0.1,
        "notes": "Evaporator coil not visibly inspected."
    },
    "check_air_flow": {
        "active": true,
        "completed": false,
        "confidence": 0.7,
        "notes": "Hand visible near air outlet, likely checking flow."
    },
    "inspect_refrigerant_lines": {
        "active": false,
        "completed": false,
        "confidence": 0.1,
        "notes": "Refrigerant lines not visible."
    },
    "clean_outdoor_condenser_fins": {
        "active": false,
        "completed": false,
        "confidence": 0.1,
        "notes": "Outdoor unit/condenser fins not visible."
    },
    "tighten_electrical_terminals": {
        "active": false,
        "completed": false,
        "confidence": 0.1,
        "notes": "Electrical panel not visible."
    },
    "check_thermostat_calibration": {
        "active": false,
        "completed": false,
        "confidence": 0.1,
        "notes": "Thermostat not visible."
    }
}
```
INPUT: 987
OUTPUT: 382
PROVIDER: Chutes
Response time: 13.508 seconds