```json
{
  "clean_indoor_unit_filters": {
    "active": true,
    "completed": false,
    "confidence": 0.8,
    "notes": "Hand is visible near the air vents, indicating potential filter cleaning."
  },
  "check_air_flow": {
    "active": true,
    "completed": false,
    "confidence": 0.9,
    "notes": "Hand appears to be positioned in front of the AC unit, checking airflow."
  },
  "inspect_evaporator_coil": {
    "active": false,
    "completed": false,
    "confidence": 0.35,
    "notes": "No clear view of the evaporator coil."
  },
  "inspect_refrigerant_lines": {
    "active": false,
    "completed": false,
    "confidence": 0.35,
    "notes": "No refrigerant lines visible in the frame."
  },
  "clean_outdoor_condenser_fins": {
    "active": false,
    "completed": false,
    "confidence": 0.35,
    "notes": "No outdoor condenser fins visible."
  },
  "tighten_electrical_terminals": {
    "active": false,
    "completed": false,
    "confidence": 0.35,
    "notes": "No electrical terminal panel visible."
  },
  "check_thermostat_calibration": {
    "active": false,
    "completed": false,
    "confidence": 0.35,
    "notes": "No thermostat visible."
  }
}
```
INPUT: 987
OUTPUT: 387
PROVIDER: DeepInfra
Response time: 8.873 seconds