```json
{
  "check_air_flow": {
    "active": true,
    "completed": false,
    "confidence": 0.9,
    "notes": "Hand visible in front of the aircon vent, indicating air flow check"
  },
  "clean_indoor_unit_filters": {
    "active": false,
    "completed": false,
    "confidence": 0.2,
    "notes": "Filters not visible, unclear if being cleaned"
  },
  "inspect_evaporator_coil": {
    "active": false,
    "completed": false,
    "confidence": 0.0,
    "notes": "Evaporator coil not visible"
  },
  "inspect_refrigerant_lines": {
    "active": false,
    "completed": false,
    "confidence": 0.0,
    "notes": "Refrigerant lines not visible"
  },
  "clean_outdoor_condenser_fins": {
    "active": false,
    "completed": false,
    "confidence": 0.0,
    "notes": "Outdoor condenser fins not visible"
  },
  "tighten_electrical_terminals": {
    "active": false,
    "completed": false,
    "confidence": 0.0,
    "notes": "Electrical terminals not visible"
  },
  "check_thermostat_calibration": {
    "active": false,
    "completed": false,
    "confidence": 0.0,
    "notes": "Thermostat not visible"
  }
}
```
INPUT: 2517
OUTPUT: 326
PROVIDER: DeepInfra
Response time: 8.118 seconds