Let's analyze the image. We can see a person standing in front of an air conditioning unit, and their hands are visible on the metal panel of the unit. 

Based on the provided sequence of frames, we can infer the following information:

* `clean_indoor_unit_filters`: Active: false (because no action is observed), Completed: true (because the filters seem to be clean), Confidence: 0.5 (because it is possible that the filters are clean), Notes: "Verifying filter cleanliness without direct inspection"
* `inspect_evaporator_coil`: Active: false (because no action is observed), Completed: true (because the coil is clean), Confidence: 0.7 (because it is likely that the coil is clean), Notes: "Coil appears clean, inspecting further might be necessary"
* `check_air_flow`: Active: true (because the person is adjusting something), Completed: false (because adjustment seems to be in progress), Confidence: 0.2 (because uncertainty about the person's intentions and how it affects the AC), Notes: "Adjusting the fins; air flow check may require more technical expertise"
* `inspect_refrigerant_lines`: Active: false (because no action is observed), Completed: true (because the refrigerant lines are visible and clean), Confidence: 0.6 (because it is likely that the lines are clean, but not directly verified), Notes: "Running refrigerant lines are seen, but not directly inspected for cleanliness"
* `clean_outdoor_condenser_fins`: Active: false (because no action is observed), Completed: true (because the fins are clean), Confidence: 0.4 (because doubt about fin cleanliness), Notes: "Outdoor fins appear clean, but could be better verified"
* `tighten_electrical_terminals`: Active: true (because the terminal panel is open), Completed: false (because the panel is not fully closed), Confidence: 0.15 (because uncertainty about terminal tightening and the person's specific action), Notes: "Opening the panel, tightening is confirmed visually"
* `check_thermostat_calibration`: Active: false (because no action is observed), Completed: true (because the thermostat is visible), Confidence: 0.85 (because it is likely that the thermostat is well-placed and calibrated, almost certain), Notes: "Mounted thermostat easily found; likely accurate calibration, easier said if proper calibration method used less evident"

Here is the image description in a succinct format:

| task ID | active | completed | confidence | notes |
| --- | --- | --- | --- | --- |
| clean_indoor_unit_filters | false | true | 0.5 | Verifying filter cleanliness without direct inspection |
| inspect_evaporator_coil | false | true | 0.7 | Coil appears clean, inspecting further might be necessary |
| check_air_flow | true | false | 0.2 | Adjusting the fins; air flow check may require more technical expertise |
| inspect_refrigerant_lines | false | true | 0.6 | Running refrigerant lines are seen, but not directly inspected for cleanliness |
| clean_outdoor_condenser_fins | false | true | 0.4 | Outdoor fins appear clean, but could be better verified |
| tighten_electrical_terminals | true | false | 0.15 | Opening the panel, tightening is confirmed visually |
| check_thermostat_calibration | false | true | 0.85 | Mounted thermostat easily found; likely accurate calibration, easier said if proper calibration method used less evident |

Note that the confidence levels were inputted by the validator based on visual cues only. The actual confidence should only be determined after the task is completed and results are verified.
INPUT: 7036
OUTPUT: 769
PROVIDER: DeepInfra
Response time: 156.899 seconds