```json
{
  "check_air_flow": {
    "active": true,
    "completed": false,
    "confidence": 0.85,
    "notes": "Hand is placed in front of the indoor unit, checking air flow."
  },
  "clean_indoor_unit_filters": {
    "active": false,
    "completed": false,
    "confidence": 0.2,
    "notes": "No visible cleaning activity or tools being used on the filters."
  },
  "inspect_evaporator_coil": {
    "active": false,
    "completed": false,
    "confidence": 0.1,
    "notes": "No visible inspection of the evaporator coil in the image."
  },
  "inspect_refrigerant_lines": {
    "active": false,
    "completed": false,
    "confidence": 0.1,
    "notes": "No refrigerant lines visible in the image."
  },
  "clean_outdoor_condenser_fins": {
    "active": false,
    "completed": false,
    "confidence": 0.1,
    "notes": "No outdoor condenser fins visible in the image."
  },
  "tighten_electrical_terminals": {
    "active": false,
    "completed": false,
    "confidence": 0.1,
    "notes": "No electrical terminal panel visible in the image."
  },
  "check_thermostat_calibration": {
    "active": false,
    "completed": false,
    "confidence": 0.1,
    "notes": "No thermostat visible in the image."
  }
}
```
INPUT: 3018
OUTPUT: 360
PROVIDER: DeepInfra
Response time: 5.769 seconds