{
  "clean_indoor_unit_filters": {
    "active": false,
    "completed": false,
    "confidence": 0.1,
    "notes": "filter not visible in frame"
  },
  "inspect_evaporator_coil": {
    "active": false,
    "completed": false,
    "confidence": 0.1,
    "notes": "evaporator coil not visible in frame"
  },
  "check_air_flow": {
    "active": true,
    "completed": false,
    "confidence": 0.9,
    "notes": ""
  },
  "inspect_refrigerant_lines": {
    "active": false,
    "completed": false,
    "confidence": 0.1,
    "notes": "refrigerant lines not visible in frame"
  },
  "clean_outdoor_condenser_fins": {
    "active": false,
    "completed": false,
    "confidence": 0.1,
    "notes": "outdoor unit not visible in frame"
  },
  "tighten_electrical_terminals": {
    "active": false,
    "completed": false,
    "confidence": 0.1,
    "notes": "electrical terminals not visible in frame"
  },
  "check_thermostat_calibration": {
    "active": false,
    "completed": false,
    "confidence": 0.1,
    "notes": "thermostat not visible in frame"
  }
}
INPUT: 3128
OUTPUT: 5383
PROVIDER: Alibaba
Response time: 46.437 seconds