{
  "clean_indoor_unit_filters": {
    "active": true,
    "completed": false,
    "confidence": 0.9,
    "notes": "Hand is positioned near the filter slot of the indoor unit, suggesting ongoing cleaning or removal."
  },
  "inspect_evaporator_coil": {
    "active": true,
    "completed": false,
    "confidence": 0.85,
    "notes": "The technician's hand is near the evaporator coil area, indicating inspection is in progress."
  },
  "check_air_flow": {
    "active": true,
    "completed": false,
    "confidence": 0.7,
    "notes": "Hand is placed in front of the unit, consistent with checking air flow, but no airflow is visibly confirmed."
  },
  "inspect_refrigerant_lines": {
    "active": false,
    "completed": false,
    "confidence": 0.0,
    "notes": "No refrigerant lines are visible in the frame."
  },
  "clean_outdoor_condenser_fins": {
    "active": false,
    "completed": false,
    "confidence": 0.0,
    "notes": "The scene is indoors, showing an indoor unit, not outdoor condenser fins."
  },
  "tighten_electrical_terminals": {
    "active": false,
    "completed": false,
    "confidence": 0.0,
    "notes": "No electrical terminal panel is visible."
  },
  "check_thermostat_calibration": {
    "active": false,
    "completed": false,
    "confidence": 0.0,
    "notes": "No thermostat is visible in the frame."
  }
}
INPUT: 3126
OUTPUT: 365
PROVIDER: Alibaba
Response time: 5.007 seconds