{
  "clean_indoor_unit_filters": {
    "active": false,
    "completed": false,
    "confidence": 0.1,
    "notes": "No filter is being handled or cleaned in this frame."
  },
  "inspect_evaporator_coil": {
    "active": false,
    "completed": false,
    "confidence": 0.1,
    "notes": "Evaporator coil is not exposed for inspection."
  },
  "check_air_flow": {
    "active": true,
    "completed": false,
    "confidence": 0.95,
    "notes": "Hand is placed directly in front of the air outlet vents, clearly checking for airflow."
  },
  "inspect_refrigerant_lines": {
    "active": false,
    "completed": false,
    "confidence": 0.0,
    "notes": "Refrigerant lines are not visible."
  },
  "clean_outdoor_condenser_fins": {
    "active": false,
    "completed": false,
    "confidence": 0.0,
    "notes": "Indoor unit is shown, not outdoor condenser."
  },
  "tighten_electrical_terminals": {
    "active": false,
    "completed": false,
    "confidence": 0.0,
    "notes": "Electrical panel is not open."
  },
  "check_thermostat_calibration": {
    "active": false,
    "completed": false,
    "confidence": 0.0,
    "notes": "Thermostat is not visible in the frame."
  }
}
INPUT: 3190
OUTPUT: 3099
PROVIDER: Alibaba
Response time: 20.689 seconds