```json
{
  "clean_indoor_unit_filters": {
    "active": false,
    "completed": false,
    "confidence": 0.0,
    "notes": "No filter is visible; technician's hand is inspecting air flow, not cleaning filters."
  },
  "inspect_evaporator_coil": {
    "active": false,
    "completed": false,
    "confidence": 0.0,
    "notes": "Evaporator coil is not visible from this angle; technician is inspecting air flow."
  },
  "check_air_flow": {
    "active": true,
    "completed": false,
    "confidence": 0.7,
    "notes": "Technician's hand is positioned in front of vents, directly checking air flow."
  },
  "inspect_refrigerant_lines": {
    "active": false,
    "completed": false,
    "confidence": 0.0,
    "notes": "No refrigerant lines are visible in this frame; only the front of the indoor unit is shown."
  },
  "clean_outdoor_condenser_fins": {
    "active": false,
    "completed": false,
    "confidence": 0.0,
    "notes": "This task pertains to the outdoor unit, which is not visible in the frame."
  },
  "tighten_electrical_terminals": {
    "active": false,
    "completed": false,
    "confidence": 0.0,
    "notes": "No electrical panel or terminals are visible; technician is inspecting the indoor unit's air flow."
  },
  "check_thermostat_calibration": {
    "active": false,
    "completed": false,
    "confidence": 0.0,
    "notes": "Wall-mounted thermostat is not visible in this frame."
  }
}
```
INPUT: 1862
OUTPUT: 387
PROVIDER: Alibaba
Response time: 6.034 seconds